<?xml version="1.0" encoding="UTF-8"?>
<testng-results ignored="0" total="1" passed="1" failed="0" skipped="0">
  <reporter-output>
  </reporter-output>
  <suite started-at="2024-11-04T14:25:13 MST" name="Default suite" finished-at="2024-11-04T14:25:15 MST" duration-ms="2170">
    <groups>
    </groups>
    <test started-at="2024-11-04T14:25:13 MST" name="Default test" finished-at="2024-11-04T14:25:15 MST" duration-ms="2170">
      <class name="teseCases.TC_Dashboard_011">
        <test-method is-config="true" signature="getDriver()[pri:0, instance:teseCases.TC_Dashboard_011@383f1975]" started-at="2024-11-04T14:25:13 MST" name="getDriver" finished-at="2024-11-04T14:25:13 MST" duration-ms="7" status="PASS">
          <reporter-output>
          </reporter-output>
        </test-method> <!-- getDriver -->
        <test-method is-config="true" signature="login()[pri:0, instance:teseCases.TC_Dashboard_011@383f1975]" started-at="2024-11-04T14:25:13 MST" name="login" finished-at="2024-11-04T14:25:14 MST" duration-ms="1284" status="PASS">
          <reporter-output>
          </reporter-output>
        </test-method> <!-- login -->
        <test-method signature="verifyLeftMenu_Time()[pri:0, instance:teseCases.TC_Dashboard_011@383f1975]" started-at="2024-11-04T14:25:14 MST" name="verifyLeftMenu_Time" finished-at="2024-11-04T14:25:15 MST" duration-ms="853" status="PASS">
          <reporter-output>
          </reporter-output>
        </test-method> <!-- verifyLeftMenu_Time -->
      </class> <!-- teseCases.TC_Dashboard_011 -->
    </test> <!-- Default test -->
  </suite> <!-- Default suite -->
</testng-results>
